2023-06-09 15:54:39,242 [Worker-1: Loading available Gradle versions] INFO  o.e.b.c.i.u.g.PublishedGradleVersions - Gradle version information cache is out-of-date. Trying to update.
2023-06-09 15:57:17,908 [Worker-4: Import Getting Started Content] INFO  o.e.m.c.i.l.LifecycleMappingFactory - Using org.eclipse.m2e.jdt.JarLifecycleMapping lifecycle mapping for MavenProject: com.food.court:Foodcourt:0.0.1-SNAPSHOT @ C:\Users\ritbiswa\Documents\FoodCourt\Foodcourt\pom.xml.
2023-06-09 15:57:18,875 [Worker-4: Import Getting Started Content] INFO  o.e.m.j.i.AbstractJavaProjectConfigurator - Adding source folder /Foodcourt/src/main/java
2023-06-09 15:57:18,875 [Worker-4: Import Getting Started Content] INFO  o.e.m.j.i.AbstractJavaProjectConfigurator - Adding resource folder /Foodcourt/src/main/resources
2023-06-09 15:57:18,882 [Worker-4: Import Getting Started Content] INFO  o.e.m.j.i.AbstractJavaProjectConfigurator - Adding resource folder /Foodcourt/src/main/resources
2023-06-09 15:57:18,890 [Worker-4: Import Getting Started Content] INFO  o.e.m.j.i.AbstractJavaProjectConfigurator - Adding source folder /Foodcourt/src/test/java
2023-06-09 15:57:20,980 [Worker-4: Import Getting Started Content] INFO  o.e.m.c.i.p.ProjectConfigurationManager - Imported and configured 1 project(s) in 4 sec
2023-06-09 15:57:20,989 [Worker-4: Import Getting Started Content] INFO  o.e.m.c.i.p.ProjectConfigurationManager - Update started
2023-06-09 15:57:21,663 [Worker-4: Import Getting Started Content] INFO  o.e.m.c.i.l.LifecycleMappingFactory - Using org.eclipse.m2e.jdt.JarLifecycleMapping lifecycle mapping for MavenProject: com.food.court:Foodcourt:0.0.1-SNAPSHOT @ C:\Users\ritbiswa\Documents\FoodCourt\Foodcourt\pom.xml.
2023-06-09 15:57:23,028 [Worker-4: Import Getting Started Content] INFO  o.e.m.j.i.AbstractJavaProjectConfigurator - Adding source folder /Foodcourt/src/main/java
2023-06-09 15:57:23,029 [Worker-4: Import Getting Started Content] INFO  o.e.m.j.i.AbstractJavaProjectConfigurator - Adding resource folder /Foodcourt/src/main/resources
2023-06-09 15:57:23,029 [Worker-4: Import Getting Started Content] INFO  o.e.m.j.i.AbstractJavaProjectConfigurator - Adding resource folder /Foodcourt/src/main/resources
2023-06-09 15:57:23,030 [Worker-4: Import Getting Started Content] INFO  o.e.m.j.i.AbstractJavaProjectConfigurator - Adding source folder /Foodcourt/src/test/java
2023-06-09 15:57:24,670 [Worker-4: Import Getting Started Content] INFO  o.e.m.c.i.p.ProjectConfigurationManager - Update completed: 3 sec
2023-06-09 15:57:25,599 [Worker-20: Building] INFO  o.a.m.s.f.DefaultMavenResourcesFiltering - Copying 1 resource from src\main\resources to target\classes
2023-06-09 15:57:25,644 [Worker-20: Building] INFO  o.a.m.s.f.DefaultMavenResourcesFiltering - Copying 0 resource from src\main\resources to target\classes
2023-06-09 15:57:25,662 [Worker-20: Building] INFO  o.a.m.s.f.DefaultMavenResourcesFiltering - skip non existing resourceDirectory C:\Users\ritbiswa\Documents\FoodCourt\Foodcourt\src\test\resources
2023-06-09 16:10:15,177 [Worker-22: Building] INFO  o.a.m.s.f.DefaultMavenResourcesFiltering - Copying 1 resource from src\main\resources to target\classes
2023-06-09 16:10:15,189 [Worker-22: Building] INFO  o.a.m.s.f.DefaultMavenResourcesFiltering - Copying 0 resource from src\main\resources to target\classes
2023-06-09 16:10:15,195 [Worker-22: Building] INFO  o.a.m.s.f.DefaultMavenResourcesFiltering - skip non existing resourceDirectory C:\Users\ritbiswa\Documents\FoodCourt\Foodcourt\src\test\resources
2023-06-09 16:10:50,143 [Worker-21: Building] INFO  o.a.m.s.f.DefaultMavenResourcesFiltering - Copying 1 resource from src\main\resources to target\classes
2023-06-09 16:10:50,149 [Worker-21: Building] INFO  o.a.m.s.f.DefaultMavenResourcesFiltering - Copying 0 resource from src\main\resources to target\classes
2023-06-09 16:10:50,153 [Worker-21: Building] INFO  o.a.m.s.f.DefaultMavenResourcesFiltering - skip non existing resourceDirectory C:\Users\ritbiswa\Documents\FoodCourt\Foodcourt\src\test\resources
2023-06-09 16:12:00,889 [Worker-25: Building] INFO  o.a.m.s.f.DefaultMavenResourcesFiltering - Copying 1 resource from src\main\resources to target\classes
2023-06-09 16:12:00,898 [Worker-25: Building] INFO  o.a.m.s.f.DefaultMavenResourcesFiltering - Copying 0 resource from src\main\resources to target\classes
2023-06-09 16:12:00,905 [Worker-25: Building] INFO  o.a.m.s.f.DefaultMavenResourcesFiltering - skip non existing resourceDirectory C:\Users\ritbiswa\Documents\FoodCourt\Foodcourt\src\test\resources
2023-06-09 16:13:08,863 [Worker-23: Building] INFO  o.a.m.s.f.DefaultMavenResourcesFiltering - Copying 1 resource from src\main\resources to target\classes
2023-06-09 16:13:08,881 [Worker-23: Building] INFO  o.a.m.s.f.DefaultMavenResourcesFiltering - Copying 0 resource from src\main\resources to target\classes
2023-06-09 16:13:08,888 [Worker-23: Building] INFO  o.a.m.s.f.DefaultMavenResourcesFiltering - skip non existing resourceDirectory C:\Users\ritbiswa\Documents\FoodCourt\Foodcourt\src\test\resources
2023-06-09 16:16:55,601 [Worker-27: Building] INFO  o.a.m.s.f.DefaultMavenResourcesFiltering - Copying 1 resource from src\main\resources to target\classes
2023-06-09 16:16:55,606 [Worker-27: Building] INFO  o.a.m.s.f.DefaultMavenResourcesFiltering - Copying 0 resource from src\main\resources to target\classes
2023-06-09 16:16:55,608 [Worker-27: Building] INFO  o.a.m.s.f.DefaultMavenResourcesFiltering - skip non existing resourceDirectory C:\Users\ritbiswa\Documents\FoodCourt\Foodcourt\src\test\resources
2023-06-09 16:23:04,613 [Worker-28: Building] INFO  o.a.m.s.f.DefaultMavenResourcesFiltering - Copying 1 resource from src\main\resources to target\classes
2023-06-09 16:23:04,618 [Worker-28: Building] INFO  o.a.m.s.f.DefaultMavenResourcesFiltering - Copying 0 resource from src\main\resources to target\classes
2023-06-09 16:23:04,621 [Worker-28: Building] INFO  o.a.m.s.f.DefaultMavenResourcesFiltering - skip non existing resourceDirectory C:\Users\ritbiswa\Documents\FoodCourt\Foodcourt\src\test\resources
2023-06-09 16:25:56,890 [Worker-28: Building] INFO  o.a.m.s.f.DefaultMavenResourcesFiltering - Copying 1 resource from src\main\resources to target\classes
2023-06-09 16:25:56,895 [Worker-28: Building] INFO  o.a.m.s.f.DefaultMavenResourcesFiltering - Copying 0 resource from src\main\resources to target\classes
2023-06-09 16:25:56,899 [Worker-28: Building] INFO  o.a.m.s.f.DefaultMavenResourcesFiltering - skip non existing resourceDirectory C:\Users\ritbiswa\Documents\FoodCourt\Foodcourt\src\test\resources
2023-06-09 16:36:41,759 [Worker-24: Building] INFO  o.a.m.s.f.DefaultMavenResourcesFiltering - Copying 1 resource from src\main\resources to target\classes
2023-06-09 16:36:41,765 [Worker-24: Building] INFO  o.a.m.s.f.DefaultMavenResourcesFiltering - Copying 0 resource from src\main\resources to target\classes
2023-06-09 16:36:41,769 [Worker-24: Building] INFO  o.a.m.s.f.DefaultMavenResourcesFiltering - skip non existing resourceDirectory C:\Users\ritbiswa\Documents\FoodCourt\Foodcourt\src\test\resources
2023-06-09 16:40:16,260 [Worker-34: Building] INFO  o.a.m.s.f.DefaultMavenResourcesFiltering - Copying 1 resource from src\main\resources to target\classes
2023-06-09 16:40:16,267 [Worker-34: Building] INFO  o.a.m.s.f.DefaultMavenResourcesFiltering - Copying 0 resource from src\main\resources to target\classes
2023-06-09 16:40:16,271 [Worker-34: Building] INFO  o.a.m.s.f.DefaultMavenResourcesFiltering - skip non existing resourceDirectory C:\Users\ritbiswa\Documents\FoodCourt\Foodcourt\src\test\resources
2023-06-09 16:42:52,453 [Worker-32: Building] INFO  o.a.m.s.f.DefaultMavenResourcesFiltering - Copying 1 resource from src\main\resources to target\classes
2023-06-09 16:42:52,459 [Worker-32: Building] INFO  o.a.m.s.f.DefaultMavenResourcesFiltering - Copying 0 resource from src\main\resources to target\classes
2023-06-09 16:42:52,464 [Worker-32: Building] INFO  o.a.m.s.f.DefaultMavenResourcesFiltering - skip non existing resourceDirectory C:\Users\ritbiswa\Documents\FoodCourt\Foodcourt\src\test\resources
2023-06-09 16:43:01,237 [Worker-30: Building] INFO  o.a.m.s.f.DefaultMavenResourcesFiltering - Copying 1 resource from src\main\resources to target\classes
2023-06-09 16:43:01,243 [Worker-30: Building] INFO  o.a.m.s.f.DefaultMavenResourcesFiltering - Copying 0 resource from src\main\resources to target\classes
2023-06-09 16:43:01,248 [Worker-30: Building] INFO  o.a.m.s.f.DefaultMavenResourcesFiltering - skip non existing resourceDirectory C:\Users\ritbiswa\Documents\FoodCourt\Foodcourt\src\test\resources
2023-06-09 16:45:52,698 [Worker-35: Building] INFO  o.a.m.s.f.DefaultMavenResourcesFiltering - Copying 1 resource from src\main\resources to target\classes
2023-06-09 16:45:52,716 [Worker-35: Building] INFO  o.a.m.s.f.DefaultMavenResourcesFiltering - Copying 0 resource from src\main\resources to target\classes
2023-06-09 16:45:52,719 [Worker-35: Building] INFO  o.a.m.s.f.DefaultMavenResourcesFiltering - skip non existing resourceDirectory C:\Users\ritbiswa\Documents\FoodCourt\Foodcourt\src\test\resources
2023-06-09 16:50:52,683 [Worker-39: Building] INFO  o.a.m.s.f.DefaultMavenResourcesFiltering - Copying 1 resource from src\main\resources to target\classes
2023-06-09 16:50:52,691 [Worker-39: Building] INFO  o.a.m.s.f.DefaultMavenResourcesFiltering - Copying 0 resource from src\main\resources to target\classes
2023-06-09 16:50:52,695 [Worker-39: Building] INFO  o.a.m.s.f.DefaultMavenResourcesFiltering - skip non existing resourceDirectory C:\Users\ritbiswa\Documents\FoodCourt\Foodcourt\src\test\resources
2023-06-09 16:53:37,635 [Worker-35: Building] INFO  o.a.m.s.f.DefaultMavenResourcesFiltering - Copying 1 resource from src\main\resources to target\classes
2023-06-09 16:53:37,640 [Worker-35: Building] INFO  o.a.m.s.f.DefaultMavenResourcesFiltering - Copying 0 resource from src\main\resources to target\classes
2023-06-09 16:53:37,642 [Worker-35: Building] INFO  o.a.m.s.f.DefaultMavenResourcesFiltering - skip non existing resourceDirectory C:\Users\ritbiswa\Documents\FoodCourt\Foodcourt\src\test\resources
2023-06-09 16:56:50,649 [Worker-45: Building] INFO  o.a.m.s.f.DefaultMavenResourcesFiltering - Copying 1 resource from src\main\resources to target\classes
2023-06-09 16:56:50,656 [Worker-45: Building] INFO  o.a.m.s.f.DefaultMavenResourcesFiltering - Copying 0 resource from src\main\resources to target\classes
2023-06-09 16:56:50,660 [Worker-45: Building] INFO  o.a.m.s.f.DefaultMavenResourcesFiltering - skip non existing resourceDirectory C:\Users\ritbiswa\Documents\FoodCourt\Foodcourt\src\test\resources
2023-06-09 17:01:11,017 [Worker-47: Launching FoodcourtApplication] INFO  o.a.m.s.f.DefaultMavenResourcesFiltering - Copying 1 resource from src\main\resources to target\classes
2023-06-09 17:01:11,023 [Worker-47: Launching FoodcourtApplication] INFO  o.a.m.s.f.DefaultMavenResourcesFiltering - Copying 0 resource from src\main\resources to target\classes
2023-06-09 17:01:11,027 [Worker-47: Launching FoodcourtApplication] INFO  o.a.m.s.f.DefaultMavenResourcesFiltering - skip non existing resourceDirectory C:\Users\ritbiswa\Documents\FoodCourt\Foodcourt\src\test\resources
2023-06-09 17:03:04,136 [Worker-47: Building] INFO  o.a.m.s.f.DefaultMavenResourcesFiltering - Copying 1 resource from src\main\resources to target\classes
2023-06-09 17:03:04,140 [Worker-47: Building] INFO  o.a.m.s.f.DefaultMavenResourcesFiltering - Copying 0 resource from src\main\resources to target\classes
2023-06-09 17:03:04,143 [Worker-47: Building] INFO  o.a.m.s.f.DefaultMavenResourcesFiltering - skip non existing resourceDirectory C:\Users\ritbiswa\Documents\FoodCourt\Foodcourt\src\test\resources
2023-06-09 17:03:47,063 [Worker-51: Building] INFO  o.a.m.s.f.DefaultMavenResourcesFiltering - Copying 1 resource from src\main\resources to target\classes
2023-06-09 17:03:47,069 [Worker-51: Building] INFO  o.a.m.s.f.DefaultMavenResourcesFiltering - Copying 0 resource from src\main\resources to target\classes
2023-06-09 17:03:47,072 [Worker-51: Building] INFO  o.a.m.s.f.DefaultMavenResourcesFiltering - skip non existing resourceDirectory C:\Users\ritbiswa\Documents\FoodCourt\Foodcourt\src\test\resources
2023-06-12 10:02:39,884 [Worker-67: Building] INFO  o.e.m.c.i.l.LifecycleMappingFactory - Using org.eclipse.m2e.jdt.JarLifecycleMapping lifecycle mapping for MavenProject: com.food.court:Foodcourt:0.0.1-SNAPSHOT @ C:\Users\ritbiswa\Documents\FoodCourt\Foodcourt\pom.xml.
2023-06-12 10:02:40,577 [Worker-67: Building] INFO  o.a.m.s.f.DefaultMavenResourcesFiltering - Copying 0 resource from src\main\resources to target\classes
2023-06-12 10:02:40,579 [Worker-67: Building] INFO  o.a.m.s.f.DefaultMavenResourcesFiltering - Copying 0 resource from src\main\resources to target\classes
2023-06-12 10:02:40,587 [Worker-67: Building] INFO  o.a.m.s.f.DefaultMavenResourcesFiltering - skip non existing resourceDirectory C:\Users\ritbiswa\Documents\FoodCourt\Foodcourt\src\test\resources
2023-06-12 10:02:42,399 [Worker-68: Building] INFO  o.a.m.s.f.DefaultMavenResourcesFiltering - Copying 1 resource from src\main\resources to target\classes
2023-06-12 10:02:42,437 [Worker-68: Building] INFO  o.a.m.s.f.DefaultMavenResourcesFiltering - Copying 0 resource from src\main\resources to target\classes
2023-06-12 10:02:42,535 [Worker-68: Building] INFO  o.a.m.s.f.DefaultMavenResourcesFiltering - skip non existing resourceDirectory C:\Users\ritbiswa\Documents\FoodCourt\Foodcourt\src\test\resources
2023-06-12 10:02:52,299 [Worker-68: Updating Maven Project] INFO  o.e.m.c.i.p.ProjectConfigurationManager - Update started
2023-06-12 10:02:52,604 [Worker-68: Updating Maven Project] INFO  o.e.m.c.i.l.LifecycleMappingFactory - Using org.eclipse.m2e.jdt.JarLifecycleMapping lifecycle mapping for MavenProject: com.food.court:Foodcourt:0.0.1-SNAPSHOT @ C:\Users\ritbiswa\Documents\FoodCourt\Foodcourt\pom.xml.
2023-06-12 10:02:53,111 [Worker-68: Updating Maven Project] INFO  o.e.m.j.i.AbstractJavaProjectConfigurator - Adding source folder /Foodcourt/src/main/java
2023-06-12 10:02:53,112 [Worker-68: Updating Maven Project] INFO  o.e.m.j.i.AbstractJavaProjectConfigurator - Adding resource folder /Foodcourt/src/main/resources
2023-06-12 10:02:53,112 [Worker-68: Updating Maven Project] INFO  o.e.m.j.i.AbstractJavaProjectConfigurator - Adding resource folder /Foodcourt/src/main/resources
2023-06-12 10:02:53,113 [Worker-68: Updating Maven Project] INFO  o.e.m.j.i.AbstractJavaProjectConfigurator - Adding source folder /Foodcourt/src/test/java
2023-06-12 10:02:53,530 [Worker-68: Updating Maven Project] INFO  o.e.m.c.i.p.ProjectConfigurationManager - Update completed: 1 sec
2023-06-12 10:02:54,082 [Worker-64: Building] INFO  o.a.m.s.f.DefaultMavenResourcesFiltering - Copying 1 resource from src\main\resources to target\classes
2023-06-12 10:02:54,121 [Worker-64: Building] INFO  o.a.m.s.f.DefaultMavenResourcesFiltering - Copying 0 resource from src\main\resources to target\classes
2023-06-12 10:02:54,128 [Worker-64: Building] INFO  o.a.m.s.f.DefaultMavenResourcesFiltering - skip non existing resourceDirectory C:\Users\ritbiswa\Documents\FoodCourt\Foodcourt\src\test\resources
2023-06-12 10:03:35,836 [Worker-68: Launching FoodcourtApplication] INFO  o.a.m.s.f.DefaultMavenResourcesFiltering - Copying 1 resource from src\main\resources to target\classes
2023-06-12 10:03:35,846 [Worker-68: Launching FoodcourtApplication] INFO  o.a.m.s.f.DefaultMavenResourcesFiltering - Copying 0 resource from src\main\resources to target\classes
2023-06-12 10:03:35,851 [Worker-68: Launching FoodcourtApplication] INFO  o.a.m.s.f.DefaultMavenResourcesFiltering - skip non existing resourceDirectory C:\Users\ritbiswa\Documents\FoodCourt\Foodcourt\src\test\resources
2023-06-12 10:06:25,043 [Worker-69: Building] INFO  o.a.m.s.f.DefaultMavenResourcesFiltering - Copying 1 resource from src\main\resources to target\classes
2023-06-12 10:06:25,052 [Worker-69: Building] INFO  o.a.m.s.f.DefaultMavenResourcesFiltering - Copying 0 resource from src\main\resources to target\classes
2023-06-12 10:06:25,055 [Worker-69: Building] INFO  o.a.m.s.f.DefaultMavenResourcesFiltering - skip non existing resourceDirectory C:\Users\ritbiswa\Documents\FoodCourt\Foodcourt\src\test\resources
2023-06-12 10:06:37,448 [Worker-74: Building] INFO  o.a.m.s.f.DefaultMavenResourcesFiltering - Copying 1 resource from src\main\resources to target\classes
2023-06-12 10:06:37,457 [Worker-74: Building] INFO  o.a.m.s.f.DefaultMavenResourcesFiltering - Copying 0 resource from src\main\resources to target\classes
2023-06-12 10:06:37,462 [Worker-74: Building] INFO  o.a.m.s.f.DefaultMavenResourcesFiltering - skip non existing resourceDirectory C:\Users\ritbiswa\Documents\FoodCourt\Foodcourt\src\test\resources
2023-06-12 10:07:08,113 [Worker-75: Building] INFO  o.a.m.s.f.DefaultMavenResourcesFiltering - Copying 1 resource from src\main\resources to target\classes
2023-06-12 10:07:08,123 [Worker-75: Building] INFO  o.a.m.s.f.DefaultMavenResourcesFiltering - Copying 0 resource from src\main\resources to target\classes
2023-06-12 10:07:08,126 [Worker-75: Building] INFO  o.a.m.s.f.DefaultMavenResourcesFiltering - skip non existing resourceDirectory C:\Users\ritbiswa\Documents\FoodCourt\Foodcourt\src\test\resources
2023-06-12 10:07:22,615 [Worker-73: Updating Maven Project] INFO  o.e.m.c.i.p.ProjectConfigurationManager - Update started
2023-06-12 10:07:22,865 [Worker-73: Updating Maven Project] INFO  o.e.m.c.i.l.LifecycleMappingFactory - Using org.eclipse.m2e.jdt.JarLifecycleMapping lifecycle mapping for MavenProject: com.food.court:Foodcourt:0.0.1-SNAPSHOT @ C:\Users\ritbiswa\Documents\FoodCourt\Foodcourt\pom.xml.
2023-06-12 10:07:23,305 [Worker-73: Updating Maven Project] INFO  o.e.m.j.i.AbstractJavaProjectConfigurator - Adding source folder /Foodcourt/src/main/java
2023-06-12 10:07:23,305 [Worker-73: Updating Maven Project] INFO  o.e.m.j.i.AbstractJavaProjectConfigurator - Adding resource folder /Foodcourt/src/main/resources
2023-06-12 10:07:23,306 [Worker-73: Updating Maven Project] INFO  o.e.m.j.i.AbstractJavaProjectConfigurator - Adding resource folder /Foodcourt/src/main/resources
2023-06-12 10:07:23,306 [Worker-73: Updating Maven Project] INFO  o.e.m.j.i.AbstractJavaProjectConfigurator - Adding source folder /Foodcourt/src/test/java
2023-06-12 10:07:23,558 [Worker-73: Updating Maven Project] INFO  o.e.m.c.i.p.ProjectConfigurationManager - Update completed: 0 sec
2023-06-12 10:07:24,065 [Worker-77: Building] INFO  o.a.m.s.f.DefaultMavenResourcesFiltering - Copying 1 resource from src\main\resources to target\classes
2023-06-12 10:07:24,084 [Worker-77: Building] INFO  o.a.m.s.f.DefaultMavenResourcesFiltering - Copying 0 resource from src\main\resources to target\classes
2023-06-12 10:07:24,089 [Worker-77: Building] INFO  o.a.m.s.f.DefaultMavenResourcesFiltering - skip non existing resourceDirectory C:\Users\ritbiswa\Documents\FoodCourt\Foodcourt\src\test\resources
2023-06-12 10:10:47,953 [Worker-80: Building] INFO  o.a.m.s.f.DefaultMavenResourcesFiltering - Copying 1 resource from src\main\resources to target\classes
2023-06-12 10:10:47,974 [Worker-80: Building] INFO  o.a.m.s.f.DefaultMavenResourcesFiltering - Copying 0 resource from src\main\resources to target\classes
2023-06-12 10:10:47,976 [Worker-80: Building] INFO  o.a.m.s.f.DefaultMavenResourcesFiltering - skip non existing resourceDirectory C:\Users\ritbiswa\Documents\FoodCourt\Foodcourt\src\test\resources
2023-06-12 10:11:00,035 [main] INFO  o.e.m2e.actions.ExecutePomAction - Creating new launch configuration
2023-06-12 10:11:14,449 [Worker-82: Launching Foodcourt] INFO  o.e.m.i.launch.MavenLaunchDelegate - C:\Users\ritbiswa\Documents\FoodCourt\Foodcourt
2023-06-12 10:11:14,449 [Worker-82: Launching Foodcourt] INFO  o.e.m.i.launch.MavenLaunchDelegate -  mvn -Ppom.xml -B -Dstyle.color=always clean install
2023-06-12 10:11:45,241 [Worker-84: Building] INFO  o.a.m.s.f.DefaultMavenResourcesFiltering - Copying 1 resource from src\main\resources to target\classes
2023-06-12 10:11:45,253 [Worker-84: Building] INFO  o.a.m.s.f.DefaultMavenResourcesFiltering - Copying 0 resource from src\main\resources to target\classes
2023-06-12 10:11:45,255 [Worker-84: Building] INFO  o.a.m.s.f.DefaultMavenResourcesFiltering - skip non existing resourceDirectory C:\Users\ritbiswa\Documents\FoodCourt\Foodcourt\src\test\resources
2023-06-12 10:11:57,348 [main] INFO  o.e.m2e.actions.ExecutePomAction - Using existing launch configuration
2023-06-12 10:11:57,384 [Worker-80: Launching Foodcourt] INFO  o.e.m.i.launch.MavenLaunchDelegate - C:\Users\ritbiswa\Documents\FoodCourt\Foodcourt
2023-06-12 10:11:57,384 [Worker-80: Launching Foodcourt] INFO  o.e.m.i.launch.MavenLaunchDelegate -  mvn -Ppom.xml -B -Dstyle.color=always clean install
2023-06-12 10:12:45,894 [main] INFO  o.e.m2e.actions.ExecutePomAction - Using existing launch configuration
2023-06-12 10:12:48,433 [Worker-85: Launching Foodcourt] INFO  o.e.m.i.launch.MavenLaunchDelegate - C:\Users\ritbiswa\Documents\FoodCourt\Foodcourt
2023-06-12 10:12:48,433 [Worker-85: Launching Foodcourt] INFO  o.e.m.i.launch.MavenLaunchDelegate -  mvn -Ppom.xml -B -Dstyle.color=always clean install
2023-06-12 10:12:48,562 [Worker-84: Building] INFO  o.a.m.s.f.DefaultMavenResourcesFiltering - Copying 1 resource from src\main\resources to target\classes
2023-06-12 10:12:48,592 [Worker-84: Building] INFO  o.a.m.s.f.DefaultMavenResourcesFiltering - Copying 0 resource from src\main\resources to target\classes
2023-06-12 10:12:48,595 [Worker-84: Building] INFO  o.a.m.s.f.DefaultMavenResourcesFiltering - skip non existing resourceDirectory C:\Users\ritbiswa\Documents\FoodCourt\Foodcourt\src\test\resources
2023-06-12 10:13:36,536 [Worker-86: Building] INFO  o.a.m.s.f.DefaultMavenResourcesFiltering - Copying 0 resource from src\main\resources to target\classes
2023-06-12 10:13:36,536 [Worker-86: Building] INFO  o.a.m.s.f.DefaultMavenResourcesFiltering - Copying 0 resource from src\main\resources to target\classes
2023-06-12 10:13:36,538 [Worker-86: Building] INFO  o.a.m.s.f.DefaultMavenResourcesFiltering - skip non existing resourceDirectory C:\Users\ritbiswa\Documents\FoodCourt\Foodcourt\src\test\resources
2023-06-12 10:13:47,404 [main] INFO  o.e.m2e.actions.ExecutePomAction - Using existing launch configuration
2023-06-12 10:13:47,450 [Worker-80: Launching Foodcourt] INFO  o.e.m.i.launch.MavenLaunchDelegate - C:\Users\ritbiswa\Documents\FoodCourt\Foodcourt
2023-06-12 10:13:47,450 [Worker-80: Launching Foodcourt] INFO  o.e.m.i.launch.MavenLaunchDelegate -  mvn -Ppom.xml -B -Dstyle.color=always clean install
2023-06-12 10:14:23,349 [Worker-80: Updating Maven Project] INFO  o.e.m.c.i.p.ProjectConfigurationManager - Update started
2023-06-12 10:14:23,603 [Worker-80: Updating Maven Project] INFO  o.e.m.c.i.l.LifecycleMappingFactory - Using org.eclipse.m2e.jdt.JarLifecycleMapping lifecycle mapping for MavenProject: com.food.court:Foodcourt:0.0.1-SNAPSHOT @ C:\Users\ritbiswa\Documents\FoodCourt\Foodcourt\pom.xml.
2023-06-12 10:14:24,080 [Worker-80: Updating Maven Project] INFO  o.e.m.j.i.AbstractJavaProjectConfigurator - Adding source folder /Foodcourt/src/main/java
2023-06-12 10:14:24,080 [Worker-80: Updating Maven Project] INFO  o.e.m.j.i.AbstractJavaProjectConfigurator - Adding resource folder /Foodcourt/src/main/resources
2023-06-12 10:14:24,081 [Worker-80: Updating Maven Project] INFO  o.e.m.j.i.AbstractJavaProjectConfigurator - Adding resource folder /Foodcourt/src/main/resources
2023-06-12 10:14:24,081 [Worker-80: Updating Maven Project] INFO  o.e.m.j.i.AbstractJavaProjectConfigurator - Adding source folder /Foodcourt/src/test/java
2023-06-12 10:14:24,378 [Worker-80: Updating Maven Project] INFO  o.e.m.c.i.p.ProjectConfigurationManager - Update completed: 1 sec
2023-06-12 10:14:24,717 [Worker-82: Building] INFO  o.a.m.s.f.DefaultMavenResourcesFiltering - Copying 1 resource from src\main\resources to target\classes
2023-06-12 10:14:24,732 [Worker-82: Building] INFO  o.a.m.s.f.DefaultMavenResourcesFiltering - Copying 0 resource from src\main\resources to target\classes
2023-06-12 10:14:24,735 [Worker-82: Building] INFO  o.a.m.s.f.DefaultMavenResourcesFiltering - skip non existing resourceDirectory C:\Users\ritbiswa\Documents\FoodCourt\Foodcourt\src\test\resources
2023-06-12 10:14:45,647 [main] INFO  o.e.m2e.actions.ExecutePomAction - Using existing launch configuration
2023-06-12 10:14:45,688 [Worker-82: Launching Foodcourt] INFO  o.e.m.i.launch.MavenLaunchDelegate - C:\Users\ritbiswa\Documents\FoodCourt\Foodcourt
2023-06-12 10:14:45,688 [Worker-82: Launching Foodcourt] INFO  o.e.m.i.launch.MavenLaunchDelegate -  mvn -Ppom.xml -B -Dstyle.color=always clean install
2023-06-12 11:56:37,769 [Worker-85: Building] INFO  o.a.m.s.f.DefaultMavenResourcesFiltering - Copying 1 resource from src\main\resources to target\classes
2023-06-12 11:56:37,850 [Worker-85: Building] INFO  o.a.m.s.f.DefaultMavenResourcesFiltering - Copying 0 resource from src\main\resources to target\classes
2023-06-12 11:56:37,855 [Worker-85: Building] INFO  o.a.m.s.f.DefaultMavenResourcesFiltering - skip non existing resourceDirectory C:\Users\ritbiswa\Documents\FoodCourt\Foodcourt\src\test\resources
2023-06-12 11:56:47,213 [main] INFO  o.e.m2e.actions.ExecutePomAction - Creating new launch configuration
2023-06-12 11:56:53,562 [Worker-95: Launching Foodcourt (1)] INFO  o.e.m.i.launch.MavenLaunchDelegate - C:\Users\ritbiswa\Documents\FoodCourt\Foodcourt
2023-06-12 11:56:53,563 [Worker-95: Launching Foodcourt (1)] INFO  o.e.m.i.launch.MavenLaunchDelegate -  mvn -Ppom.xml -B -Dstyle.color=always clean install -x
2023-06-12 11:57:07,842 [main] INFO  o.e.m2e.actions.ExecutePomAction - Creating new launch configuration
2023-06-12 11:57:17,540 [Worker-94: Launching Foodcourt (2)] INFO  o.e.m.i.launch.MavenLaunchDelegate - C:\Users\ritbiswa\Documents\FoodCourt\Foodcourt
2023-06-12 11:57:17,540 [Worker-94: Launching Foodcourt (2)] INFO  o.e.m.i.launch.MavenLaunchDelegate -  mvn -Ppom.xml -B -Dstyle.color=always clean instal-X
2023-06-12 11:57:41,483 [Worker-85: Launching Executing clean in C__Users_ritbiswa_Documents_FoodCourt_Foodcourt] INFO  o.e.m.i.launch.MavenLaunchDelegate - C:\Users\ritbiswa\Documents\FoodCourt\Foodcourt
2023-06-12 11:57:41,483 [Worker-85: Launching Executing clean in C__Users_ritbiswa_Documents_FoodCourt_Foodcourt] INFO  o.e.m.i.launch.MavenLaunchDelegate -  mvn -Ppom.xml -B -Dstyle.color=always clean
2023-06-12 11:57:44,033 [Worker-95: Building] INFO  o.a.m.s.f.DefaultMavenResourcesFiltering - Copying 1 resource from src\main\resources to target\classes
2023-06-12 11:57:44,037 [Worker-95: Building] INFO  o.a.m.s.f.DefaultMavenResourcesFiltering - Copying 0 resource from src\main\resources to target\classes
2023-06-12 11:57:44,041 [Worker-95: Building] INFO  o.a.m.s.f.DefaultMavenResourcesFiltering - skip non existing resourceDirectory C:\Users\ritbiswa\Documents\FoodCourt\Foodcourt\src\test\resources
2023-06-12 11:57:51,050 [main] INFO  o.e.m2e.actions.ExecutePomAction - Creating new launch configuration
2023-06-12 11:57:59,917 [Worker-85: Launching Foodcourt (3)] INFO  o.e.m.i.launch.MavenLaunchDelegate - C:\Users\ritbiswa\Documents\FoodCourt\Foodcourt
2023-06-12 11:57:59,917 [Worker-85: Launching Foodcourt (3)] INFO  o.e.m.i.launch.MavenLaunchDelegate -  mvn -Ppom.xml -B -Dstyle.color=always clean install
2023-06-12 11:58:56,018 [main] INFO  o.e.m2e.actions.ExecutePomAction - Creating new launch configuration
2023-06-12 11:59:07,482 [Worker-85: Launching Foodcourt (4)] INFO  o.e.m.i.launch.MavenLaunchDelegate - C:\Users\ritbiswa\Documents\FoodCourt\Foodcourt
2023-06-12 11:59:07,482 [Worker-85: Launching Foodcourt (4)] INFO  o.e.m.i.launch.MavenLaunchDelegate -  mvn -Ppom.xml -B -Dstyle.color=always clean install -X
2023-06-12 12:01:56,298 [Worker-96: Building] INFO  o.e.m.c.i.l.LifecycleMappingFactory - Using org.eclipse.m2e.jdt.JarLifecycleMapping lifecycle mapping for MavenProject: com.food.court:Foodcourt:0.0.1-SNAPSHOT @ C:\Users\ritbiswa\Documents\FoodCourt\Foodcourt\pom.xml.
2023-06-12 12:01:56,609 [Worker-96: Building] INFO  o.a.m.s.f.DefaultMavenResourcesFiltering - Copying 0 resource from src\main\resources to target\classes
2023-06-12 12:01:56,609 [Worker-96: Building] INFO  o.a.m.s.f.DefaultMavenResourcesFiltering - Copying 0 resource from src\main\resources to target\classes
2023-06-12 12:01:56,612 [Worker-96: Building] INFO  o.a.m.s.f.DefaultMavenResourcesFiltering - skip non existing resourceDirectory C:\Users\ritbiswa\Documents\FoodCourt\Foodcourt\src\test\resources
2023-06-12 12:01:59,981 [Worker-85: Updating Foodcourt Sources] INFO  o.e.m.c.i.p.ProjectConfigurationManager - Update started
2023-06-12 12:02:00,197 [Worker-85: Updating Foodcourt Sources] INFO  o.e.m.c.i.l.LifecycleMappingFactory - Using org.eclipse.m2e.jdt.JarLifecycleMapping lifecycle mapping for MavenProject: com.food.court:Foodcourt:0.0.1-SNAPSHOT @ C:\Users\ritbiswa\Documents\FoodCourt\Foodcourt\pom.xml.
2023-06-12 12:02:00,433 [Worker-85: Updating Foodcourt Sources] INFO  o.e.m.j.i.AbstractJavaProjectConfigurator - Adding source folder /Foodcourt/src/main/java
2023-06-12 12:02:00,433 [Worker-85: Updating Foodcourt Sources] INFO  o.e.m.j.i.AbstractJavaProjectConfigurator - Adding resource folder /Foodcourt/src/main/resources
2023-06-12 12:02:00,433 [Worker-85: Updating Foodcourt Sources] INFO  o.e.m.j.i.AbstractJavaProjectConfigurator - Adding resource folder /Foodcourt/src/main/resources
2023-06-12 12:02:00,434 [Worker-85: Updating Foodcourt Sources] INFO  o.e.m.j.i.AbstractJavaProjectConfigurator - Adding source folder /Foodcourt/src/test/java
2023-06-12 12:02:00,660 [Worker-85: Updating Foodcourt Sources] INFO  o.e.m.c.i.p.ProjectConfigurationManager - Update completed: 0 sec
2023-06-12 12:02:00,954 [Worker-95: Building] INFO  o.a.m.s.f.DefaultMavenResourcesFiltering - Copying 1 resource from src\main\resources to target\classes
2023-06-12 12:02:00,966 [Worker-95: Building] INFO  o.a.m.s.f.DefaultMavenResourcesFiltering - Copying 0 resource from src\main\resources to target\classes
2023-06-12 12:02:00,969 [Worker-95: Building] INFO  o.a.m.s.f.DefaultMavenResourcesFiltering - skip non existing resourceDirectory C:\Users\ritbiswa\Documents\FoodCourt\Foodcourt\src\test\resources
2023-06-12 12:02:19,390 [Worker-98: Building] INFO  o.e.m.c.i.l.LifecycleMappingFactory - Using org.eclipse.m2e.jdt.JarLifecycleMapping lifecycle mapping for MavenProject: com.food.court:Foodcourt:0.0.1-SNAPSHOT @ C:\Users\ritbiswa\Documents\FoodCourt\Foodcourt\pom.xml.
2023-06-12 12:02:19,684 [Worker-98: Building] INFO  o.a.m.s.f.DefaultMavenResourcesFiltering - Copying 0 resource from src\main\resources to target\classes
2023-06-12 12:02:19,685 [Worker-98: Building] INFO  o.a.m.s.f.DefaultMavenResourcesFiltering - Copying 0 resource from src\main\resources to target\classes
2023-06-12 12:02:19,687 [Worker-98: Building] INFO  o.a.m.s.f.DefaultMavenResourcesFiltering - skip non existing resourceDirectory C:\Users\ritbiswa\Documents\FoodCourt\Foodcourt\src\test\resources
2023-06-12 12:02:23,006 [Worker-101: Updating Foodcourt Sources] INFO  o.e.m.c.i.p.ProjectConfigurationManager - Update started
2023-06-12 12:02:23,283 [Worker-101: Updating Foodcourt Sources] INFO  o.e.m.c.i.l.LifecycleMappingFactory - Using org.eclipse.m2e.jdt.JarLifecycleMapping lifecycle mapping for MavenProject: com.food.court:Foodcourt:0.0.1-SNAPSHOT @ C:\Users\ritbiswa\Documents\FoodCourt\Foodcourt\pom.xml.
2023-06-12 12:02:23,629 [Worker-101: Updating Foodcourt Sources] INFO  o.e.m.j.i.AbstractJavaProjectConfigurator - Adding source folder /Foodcourt/src/main/java
2023-06-12 12:02:23,629 [Worker-101: Updating Foodcourt Sources] INFO  o.e.m.j.i.AbstractJavaProjectConfigurator - Adding resource folder /Foodcourt/src/main/resources
2023-06-12 12:02:23,629 [Worker-101: Updating Foodcourt Sources] INFO  o.e.m.j.i.AbstractJavaProjectConfigurator - Adding resource folder /Foodcourt/src/main/resources
2023-06-12 12:02:23,630 [Worker-101: Updating Foodcourt Sources] INFO  o.e.m.j.i.AbstractJavaProjectConfigurator - Adding source folder /Foodcourt/src/test/java
2023-06-12 12:02:23,863 [Worker-101: Updating Foodcourt Sources] INFO  o.e.m.c.i.p.ProjectConfigurationManager - Update completed: 0 sec
2023-06-12 12:02:24,123 [Worker-99: Building] INFO  o.a.m.s.f.DefaultMavenResourcesFiltering - Copying 1 resource from src\main\resources to target\classes
2023-06-12 12:02:24,136 [Worker-99: Building] INFO  o.a.m.s.f.DefaultMavenResourcesFiltering - Copying 0 resource from src\main\resources to target\classes
2023-06-12 12:02:24,139 [Worker-99: Building] INFO  o.a.m.s.f.DefaultMavenResourcesFiltering - skip non existing resourceDirectory C:\Users\ritbiswa\Documents\FoodCourt\Foodcourt\src\test\resources
2023-06-12 12:02:40,312 [Worker-85: Launching Foodcourt (4)] INFO  o.e.m.i.launch.MavenLaunchDelegate - C:\Users\ritbiswa\Documents\FoodCourt\Foodcourt
2023-06-12 12:02:40,313 [Worker-85: Launching Foodcourt (4)] INFO  o.e.m.i.launch.MavenLaunchDelegate -  mvn -Ppom.xml -B -Dstyle.color=always clean install -X
2023-06-12 12:03:15,727 [Worker-100: Building] INFO  o.e.m.c.i.l.LifecycleMappingFactory - Using org.eclipse.m2e.jdt.JarLifecycleMapping lifecycle mapping for MavenProject: com.food.court:Foodcourt:0.0.1-SNAPSHOT @ C:\Users\ritbiswa\Documents\FoodCourt\Foodcourt\pom.xml.
2023-06-12 12:03:16,045 [Worker-100: Building] INFO  o.a.m.s.f.DefaultMavenResourcesFiltering - Copying 0 resource from src\main\resources to target\classes
2023-06-12 12:03:16,045 [Worker-100: Building] INFO  o.a.m.s.f.DefaultMavenResourcesFiltering - Copying 0 resource from src\main\resources to target\classes
2023-06-12 12:03:16,049 [Worker-100: Building] INFO  o.a.m.s.f.DefaultMavenResourcesFiltering - skip non existing resourceDirectory C:\Users\ritbiswa\Documents\FoodCourt\Foodcourt\src\test\resources
2023-06-12 12:03:17,537 [Worker-106: Updating Foodcourt Sources] INFO  o.e.m.c.i.p.ProjectConfigurationManager - Update started
2023-06-12 12:03:17,848 [Worker-106: Updating Foodcourt Sources] INFO  o.e.m.c.i.l.LifecycleMappingFactory - Using org.eclipse.m2e.jdt.JarLifecycleMapping lifecycle mapping for MavenProject: com.food.court:Foodcourt:0.0.1-SNAPSHOT @ C:\Users\ritbiswa\Documents\FoodCourt\Foodcourt\pom.xml.
2023-06-12 12:03:18,111 [Worker-106: Updating Foodcourt Sources] INFO  o.e.m.j.i.AbstractJavaProjectConfigurator - Adding source folder /Foodcourt/src/main/java
2023-06-12 12:03:18,111 [Worker-106: Updating Foodcourt Sources] INFO  o.e.m.j.i.AbstractJavaProjectConfigurator - Adding resource folder /Foodcourt/src/main/resources
2023-06-12 12:03:18,111 [Worker-106: Updating Foodcourt Sources] INFO  o.e.m.j.i.AbstractJavaProjectConfigurator - Adding resource folder /Foodcourt/src/main/resources
2023-06-12 12:03:18,112 [Worker-106: Updating Foodcourt Sources] INFO  o.e.m.j.i.AbstractJavaProjectConfigurator - Adding source folder /Foodcourt/src/test/java
2023-06-12 12:03:18,336 [Worker-106: Updating Foodcourt Sources] INFO  o.e.m.c.i.p.ProjectConfigurationManager - Update completed: 0 sec
2023-06-12 12:03:18,688 [Worker-106: Building] INFO  o.a.m.s.f.DefaultMavenResourcesFiltering - Copying 1 resource from src\main\resources to target\classes
2023-06-12 12:03:18,700 [Worker-106: Building] INFO  o.a.m.s.f.DefaultMavenResourcesFiltering - Copying 0 resource from src\main\resources to target\classes
2023-06-12 12:03:18,704 [Worker-106: Building] INFO  o.a.m.s.f.DefaultMavenResourcesFiltering - skip non existing resourceDirectory C:\Users\ritbiswa\Documents\FoodCourt\Foodcourt\src\test\resources
2023-06-12 12:03:38,839 [Worker-102: Launching Foodcourt (4)] INFO  o.e.m.i.launch.MavenLaunchDelegate - C:\Users\ritbiswa\Documents\FoodCourt\Foodcourt
2023-06-12 12:03:38,840 [Worker-102: Launching Foodcourt (4)] INFO  o.e.m.i.launch.MavenLaunchDelegate -  mvn -Ppom.xml -B -Dstyle.color=always clean install -X
2023-06-12 12:05:09,983 [Worker-99: Updating Maven Project] INFO  o.e.m.c.i.p.ProjectConfigurationManager - Update started
2023-06-12 12:05:10,254 [Worker-99: Updating Maven Project] INFO  o.e.m.c.i.l.LifecycleMappingFactory - Using org.eclipse.m2e.jdt.JarLifecycleMapping lifecycle mapping for MavenProject: com.food.court:Foodcourt:0.0.1-SNAPSHOT @ C:\Users\ritbiswa\Documents\FoodCourt\Foodcourt\pom.xml.
2023-06-12 12:05:10,620 [Worker-99: Updating Maven Project] INFO  o.e.m.j.i.AbstractJavaProjectConfigurator - Adding source folder /Foodcourt/src/main/java
2023-06-12 12:05:10,620 [Worker-99: Updating Maven Project] INFO  o.e.m.j.i.AbstractJavaProjectConfigurator - Adding resource folder /Foodcourt/src/main/resources
2023-06-12 12:05:10,620 [Worker-99: Updating Maven Project] INFO  o.e.m.j.i.AbstractJavaProjectConfigurator - Adding resource folder /Foodcourt/src/main/resources
2023-06-12 12:05:10,620 [Worker-99: Updating Maven Project] INFO  o.e.m.j.i.AbstractJavaProjectConfigurator - Adding source folder /Foodcourt/src/test/java
2023-06-12 12:05:10,884 [Worker-99: Updating Maven Project] INFO  o.e.m.c.i.p.ProjectConfigurationManager - Update completed: 0 sec
2023-06-12 12:05:11,191 [Worker-112: Building] INFO  o.a.m.s.f.DefaultMavenResourcesFiltering - Copying 1 resource from src\main\resources to target\classes
2023-06-12 12:05:11,213 [Worker-112: Building] INFO  o.a.m.s.f.DefaultMavenResourcesFiltering - Copying 0 resource from src\main\resources to target\classes
2023-06-12 12:05:11,215 [Worker-112: Building] INFO  o.a.m.s.f.DefaultMavenResourcesFiltering - skip non existing resourceDirectory C:\Users\ritbiswa\Documents\FoodCourt\Foodcourt\src\test\resources
2023-06-12 12:22:50,891 [Worker-3: Loading available Gradle versions] INFO  o.e.b.c.i.u.g.PublishedGradleVersions - Gradle version information cache is out-of-date. Trying to update.
